[debug] [2023-01-27T21:01:07.522Z] ----------------------------------------------------------------------
[debug] [2023-01-27T21:01:07.526Z] Command:       C:\Program Files\nodejs\node.exe C:\Users\mendel.castro\AppData\Roaming\npm\node_modules\firebase-tools\lib\bin\firebase.js init
[debug] [2023-01-27T21:01:07.527Z] CLI Version:   11.21.0
[debug] [2023-01-27T21:01:07.527Z] Platform:      win32
[debug] [2023-01-27T21:01:07.528Z] Node Version:  v14.19.0
[debug] [2023-01-27T21:01:07.530Z] Time:          Fri Jan 27 2023 18:01:07 GMT-0300 (Horário Padrão de Brasília)
[debug] [2023-01-27T21:01:07.530Z] ----------------------------------------------------------------------
[debug] 
[debug] [2023-01-27T21:01:07.547Z] > command requires scopes: ["email","openid","https://www.googleapis.com/auth/cloudplatformprojects.readonly","https://www.googleapis.com/auth/firebase","https://www.googleapis.com/auth/cloud-platform"]
[debug] [2023-01-27T21:01:07.547Z] > authorizing via signed-in user (mendelbsi@gmail.com)
[info] 
     ######## #### ########  ######## ########     ###     ######  ########
     ##        ##  ##     ## ##       ##     ##  ##   ##  ##       ##
     ######    ##  ########  ######   ########  #########  ######  ######
     ##        ##  ##    ##  ##       ##     ## ##     ##       ## ##
     ##       #### ##     ## ######## ########  ##     ##  ######  ########

You're about to initialize a Firebase project in this directory:

  C:\Projetos\Cursos\Angular\FirebaseAngular\fireauth

Before we get started, keep in mind:

  * You are currently outside your home directory

